<?xml version="1.0" encoding="UTF-8"?>
<testsuite name="com.khalin.springboot.web.HelloControllerTest" tests="2" skipped="0" failures="0" errors="0" timestamp="2020-03-24T08:13:31" hostname="Seong-gyuui-MacBookPro.local" time="1.23">
  <properties/>
  <testcase name="returnHelloDto" classname="com.khalin.springboot.web.HelloControllerTest" time="1.207"/>
  <testcase name="returnHello" classname="com.khalin.springboot.web.HelloControllerTest" time="0.02"/>
  <system-out><![CDATA[17:13:24.588 [Test worker] DEBUG org.springframework.test.context.junit4.SpringJUnit4ClassRunner - SpringJUnit4ClassRunner constructor called with [class com.khalin.springboot.web.HelloControllerTest]
17:13:24.602 [Test worker] DEBUG org.springframework.test.context.BootstrapUtils - Instantiating CacheAwareContextLoaderDelegate from class [org.springframework.test.context.cache.DefaultCacheAwareContextLoaderDelegate]
17:13:24.646 [Test worker] DEBUG org.springframework.test.context.BootstrapUtils - Instantiating BootstrapContext using constructor [public org.springframework.test.context.support.DefaultBootstrapContext(java.lang.Class,org.springframework.test.context.CacheAwareContextLoaderDelegate)]
17:13:24.709 [Test worker] DEBUG org.springframework.test.context.BootstrapUtils - Instantiating TestContextBootstrapper for test class [com.khalin.springboot.web.HelloControllerTest] from class [org.springframework.boot.test.autoconfigure.web.servlet.WebMvcTestContextBootstrapper]
17:13:24.785 [Test worker] INFO org.springframework.boot.test.autoconfigure.web.servlet.WebMvcTestContextBootstrapper - Neither @ContextConfiguration nor @ContextHierarchy found for test class [com.khalin.springboot.web.HelloControllerTest], using SpringBootContextLoader
17:13:24.798 [Test worker] DEBUG org.springframework.test.context.support.AbstractContextLoader - Did not detect default resource location for test class [com.khalin.springboot.web.HelloControllerTest]: class path resource [com/khalin/springboot/web/HelloControllerTest-context.xml] does not exist
17:13:24.802 [Test worker] DEBUG org.springframework.test.context.support.AbstractContextLoader - Did not detect default resource location for test class [com.khalin.springboot.web.HelloControllerTest]: class path resource [com/khalin/springboot/web/HelloControllerTestContext.groovy] does not exist
17:13:24.805 [Test worker] INFO org.springframework.test.context.support.AbstractContextLoader - Could not detect default resource locations for test class [com.khalin.springboot.web.HelloControllerTest]: no resource found for suffixes {-context.xml, Context.groovy}.
17:13:24.813 [Test worker] INFO org.springframework.test.context.support.AnnotationConfigContextLoaderUtils - Could not detect default configuration classes for test class [com.khalin.springboot.web.HelloControllerTest]: HelloControllerTest does not declare any static, non-private, non-final, nested classes annotated with @Configuration.
17:13:25.098 [Test worker] DEBUG org.springframework.test.context.support.ActiveProfilesUtils - Could not find an 'annotation declaring class' for annotation type [org.springframework.test.context.ActiveProfiles] and class [com.khalin.springboot.web.HelloControllerTest]
17:13:25.393 [Test worker] DEBUG org.springframework.context.annotation.ClassPathScanningCandidateComponentProvider - Identified candidate component class: file [/Users/seong-gyulee/IdeaProjects/webService/build/classes/java/main/com/khalin/springboot/Application.class]
17:13:25.396 [Test worker] INFO org.springframework.boot.test.context.SpringBootTestContextBootstrapper - Found @SpringBootConfiguration com.khalin.springboot.Application for test class com.khalin.springboot.web.HelloControllerTest
17:13:25.402 [Test worker] DEBUG org.springframework.boot.test.autoconfigure.web.servlet.WebMvcTestContextBootstrapper - @TestExecutionListeners is not present for class [com.khalin.springboot.web.HelloControllerTest]: using defaults.
17:13:25.404 [Test worker] INFO org.springframework.boot.test.autoconfigure.web.servlet.WebMvcTestContextBootstrapper - Loaded default TestExecutionListener class names from location [META-INF/spring.factories]: [org.springframework.security.test.context.support.WithSecurityContextTestExecutionListener, org.springframework.security.test.context.support.ReactorContextTestExecutionListener, org.springframework.boot.test.autoconfigure.restdocs.RestDocsTestExecutionListener, org.springframework.boot.test.autoconfigure.web.client.MockRestServiceServerResetTestExecutionListener, org.springframework.boot.test.autoconfigure.web.servlet.MockMvcPrintOnlyOnFailureTestExecutionListener, org.springframework.boot.test.autoconfigure.web.servlet.WebDriverTestExecutionListener, org.springframework.boot.test.mock.mockito.MockitoTestExecutionListener, org.springframework.boot.test.mock.mockito.ResetMocksTestExecutionListener, org.springframework.test.context.web.ServletTestExecutionListener, org.springframework.test.context.support.DirtiesContextBeforeModesTestExecutionListener, org.springframework.test.context.support.DependencyInjectionTestExecutionListener, org.springframework.test.context.support.DirtiesContextTestExecutionListener, org.springframework.test.context.transaction.TransactionalTestExecutionListener, org.springframework.test.context.jdbc.SqlScriptsTestExecutionListener]
17:13:25.481 [Test worker] INFO org.springframework.boot.test.autoconfigure.web.servlet.WebMvcTestContextBootstrapper - Using TestExecutionListeners: [org.springframework.test.context.web.ServletTestExecutionListener@6cd0f412, org.springframework.test.context.support.DirtiesContextBeforeModesTestExecutionListener@4f84a3ac, org.springframework.boot.test.mock.mockito.MockitoTestExecutionListener@81c80c, org.springframework.boot.test.autoconfigure.SpringBootDependencyInjectionTestExecutionListener@650628cf, org.springframework.test.context.support.DirtiesContextTestExecutionListener@e9d2019, org.springframework.test.context.transaction.TransactionalTestExecutionListener@64ee7ba5, org.springframework.test.context.jdbc.SqlScriptsTestExecutionListener@6a210e9c, org.springframework.security.test.context.support.WithSecurityContextTestExecutionListener@3eb50347, org.springframework.security.test.context.support.ReactorContextTestExecutionListener@59cf7160, org.springframework.boot.test.autoconfigure.restdocs.RestDocsTestExecutionListener@4e6b0aaf, org.springframework.boot.test.autoconfigure.web.client.MockRestServiceServerResetTestExecutionListener@2cdcb810, org.springframework.boot.test.autoconfigure.web.servlet.MockMvcPrintOnlyOnFailureTestExecutionListener@3ae539f7, org.springframework.boot.test.autoconfigure.web.servlet.WebDriverTestExecutionListener@18030bba, org.springframework.boot.test.mock.mockito.ResetMocksTestExecutionListener@e2b5467]
17:13:25.501 [Test worker] DEBUG org.springframework.test.annotation.ProfileValueUtils - Retrieved @ProfileValueSourceConfiguration [null] for test class [com.khalin.springboot.web.HelloControllerTest]
17:13:25.503 [Test worker] DEBUG org.springframework.test.annotation.ProfileValueUtils - Retrieved ProfileValueSource type [class org.springframework.test.annotation.SystemProfileValueSource] for class [com.khalin.springboot.web.HelloControllerTest]
17:13:25.504 [Test worker] DEBUG org.springframework.test.annotation.ProfileValueUtils - Retrieved @ProfileValueSourceConfiguration [null] for test class [com.khalin.springboot.web.HelloControllerTest]
17:13:25.504 [Test worker] DEBUG org.springframework.test.annotation.ProfileValueUtils - Retrieved ProfileValueSource type [class org.springframework.test.annotation.SystemProfileValueSource] for class [com.khalin.springboot.web.HelloControllerTest]
17:13:25.524 [Test worker] DEBUG org.springframework.test.context.support.AbstractDirtiesContextTestExecutionListener - Before test class: context [DefaultTestContext@1b468fd9 testClass = HelloControllerTest, testInstance = [null], testMethod = [null], testException = [null], mergedContextConfiguration = [WebMergedContextConfiguration@4157daa testClass = HelloControllerTest, locations = '{}', classes = '{class com.khalin.springboot.Application}', contextInitializerClasses = '[]', activeProfiles = '{}', propertySourceLocations = '{}', propertySourceProperties = '{org.springframework.boot.test.autoconfigure.web.servlet.WebMvcTestContextBootstrapper=true}', contextCustomizers = set[org.springframework.boot.test.autoconfigure.OverrideAutoConfigurationContextCustomizerFactory$DisableAutoConfigurationContextCustomizer@141c54bb, org.springframework.boot.test.autoconfigure.filter.TypeExcludeFiltersContextCustomizer@78b127bc, org.springframework.boot.test.autoconfigure.properties.PropertyMappingContextCustomizer@9b4ed9ef, org.springframework.boot.test.autoconfigure.web.servlet.WebDriverContextCustomizerFactory$Customizer@c4ac322, [ImportsContextCustomizer@2584ccb2 key = [org.springframework.boot.autoconfigure.cache.CacheAutoConfiguration, org.springframework.boot.autoconfigure.context.MessageSourceAutoConfiguration, org.springframework.boot.autoconfigure.data.web.SpringDataWebAutoConfiguration, org.springframework.boot.autoconfigure.freemarker.FreeMarkerAutoConfiguration, org.springframework.boot.autoconfigure.groovy.template.GroovyTemplateAutoConfiguration, org.springframework.boot.autoconfigure.gson.GsonAutoConfiguration, org.springframework.boot.autoconfigure.hateoas.HypermediaAutoConfiguration, org.springframework.boot.autoconfigure.http.HttpMessageConvertersAutoConfiguration, org.springframework.boot.autoconfigure.jackson.JacksonAutoConfiguration, org.springframework.boot.autoconfigure.jsonb.JsonbAutoConfiguration, org.springframework.boot.autoconfigure.mustache.MustacheAutoConfiguration, org.springframework.boot.autoconfigure.task.TaskExecutionAutoConfiguration, org.springframework.boot.autoconfigure.thymeleaf.ThymeleafAutoConfiguration, org.springframework.boot.autoconfigure.validation.ValidationAutoConfiguration, org.springframework.boot.autoconfigure.web.servlet.error.ErrorMvcAutoConfiguration, org.springframework.boot.autoconfigure.web.servlet.WebMvcAutoConfiguration, org.springframework.boot.test.autoconfigure.web.servlet.MockMvcAutoConfiguration, org.springframework.boot.test.autoconfigure.web.servlet.MockMvcSecurityAutoConfiguration, org.springframework.boot.test.autoconfigure.web.servlet.MockMvcWebClientAutoConfiguration, org.springframework.boot.test.autoconfigure.web.servlet.MockMvcWebDriverAutoConfiguration]], org.springframework.boot.test.context.filter.ExcludeFilterContextCustomizer@243ee60a, org.springframework.boot.test.json.DuplicateJsonObjectContextCustomizerFactory$DuplicateJsonObjectContextCustomizer@294285d9, org.springframework.boot.test.mock.mockito.MockitoContextCustomizer@0], resourceBasePath = 'src/main/webapp', contextLoader = 'org.springframework.boot.test.context.SpringBootContextLoader', parent = [null]], attributes = map[[empty]]], class annotated with @DirtiesContext [false] with mode [null].
17:13:25.526 [Test worker] DEBUG org.springframework.test.annotation.ProfileValueUtils - Retrieved @ProfileValueSourceConfiguration [null] for test class [com.khalin.springboot.web.HelloControllerTest]
17:13:25.527 [Test worker] DEBUG org.springframework.test.annotation.ProfileValueUtils - Retrieved ProfileValueSource type [class org.springframework.test.annotation.SystemProfileValueSource] for class [com.khalin.springboot.web.HelloControllerTest]
17:13:25.543 [Test worker] DEBUG org.springframework.test.context.support.DependencyInjectionTestExecutionListener - Performing dependency injection for test context [[DefaultTestContext@1b468fd9 testClass = HelloControllerTest, testInstance = com.khalin.springboot.web.HelloControllerTest@14b3a756, testMethod = [null], testException = [null], mergedContextConfiguration = [WebMergedContextConfiguration@4157daa testClass = HelloControllerTest, locations = '{}', classes = '{class com.khalin.springboot.Application}', contextInitializerClasses = '[]', activeProfiles = '{}', propertySourceLocations = '{}', propertySourceProperties = '{org.springframework.boot.test.autoconfigure.web.servlet.WebMvcTestContextBootstrapper=true}', contextCustomizers = set[org.springframework.boot.test.autoconfigure.OverrideAutoConfigurationContextCustomizerFactory$DisableAutoConfigurationContextCustomizer@141c54bb, org.springframework.boot.test.autoconfigure.filter.TypeExcludeFiltersContextCustomizer@78b127bc, org.springframework.boot.test.autoconfigure.properties.PropertyMappingContextCustomizer@9b4ed9ef, org.springframework.boot.test.autoconfigure.web.servlet.WebDriverContextCustomizerFactory$Customizer@c4ac322, [ImportsContextCustomizer@2584ccb2 key = [org.springframework.boot.autoconfigure.cache.CacheAutoConfiguration, org.springframework.boot.autoconfigure.context.MessageSourceAutoConfiguration, org.springframework.boot.autoconfigure.data.web.SpringDataWebAutoConfiguration, org.springframework.boot.autoconfigure.freemarker.FreeMarkerAutoConfiguration, org.springframework.boot.autoconfigure.groovy.template.GroovyTemplateAutoConfiguration, org.springframework.boot.autoconfigure.gson.GsonAutoConfiguration, org.springframework.boot.autoconfigure.hateoas.HypermediaAutoConfiguration, org.springframework.boot.autoconfigure.http.HttpMessageConvertersAutoConfiguration, org.springframework.boot.autoconfigure.jackson.JacksonAutoConfiguration, org.springframework.boot.autoconfigure.jsonb.JsonbAutoConfiguration, org.springframework.boot.autoconfigure.mustache.MustacheAutoConfiguration, org.springframework.boot.autoconfigure.task.TaskExecutionAutoConfiguration, org.springframework.boot.autoconfigure.thymeleaf.ThymeleafAutoConfiguration, org.springframework.boot.autoconfigure.validation.ValidationAutoConfiguration, org.springframework.boot.autoconfigure.web.servlet.error.ErrorMvcAutoConfiguration, org.springframework.boot.autoconfigure.web.servlet.WebMvcAutoConfiguration, org.springframework.boot.test.autoconfigure.web.servlet.MockMvcAutoConfiguration, org.springframework.boot.test.autoconfigure.web.servlet.MockMvcSecurityAutoConfiguration, org.springframework.boot.test.autoconfigure.web.servlet.MockMvcWebClientAutoConfiguration, org.springframework.boot.test.autoconfigure.web.servlet.MockMvcWebDriverAutoConfiguration]], org.springframework.boot.test.context.filter.ExcludeFilterContextCustomizer@243ee60a, org.springframework.boot.test.json.DuplicateJsonObjectContextCustomizerFactory$DuplicateJsonObjectContextCustomizer@294285d9, org.springframework.boot.test.mock.mockito.MockitoContextCustomizer@0], resourceBasePath = 'src/main/webapp', contextLoader = 'org.springframework.boot.test.context.SpringBootContextLoader', parent = [null]], attributes = map[[empty]]]].
17:13:25.910 [Test worker] DEBUG org.springframework.test.context.support.TestPropertySourceUtils - Adding inlined properties to environment: {spring.jmx.enabled=false, org.springframework.boot.test.autoconfigure.web.servlet.WebMvcTestContextBootstrapper=true, server.port=-1}

  .   ____          _            __ _ _
 /\\ / ___'_ __ _ _(_)_ __  __ _ \ \ \ \
( ( )\___ | '_ | '_| | '_ \/ _` | \ \ \ \
 \\/  ___)| |_)| | | | | || (_| |  ) ) ) )
  '  |____| .__|_| |_|_| |_\__, | / / / /
 =========|_|==============|___/=/_/_/_/
 :: Spring Boot ::        (v2.1.7.RELEASE)

2020-03-24 17:13:27.118  INFO 65163 --- [    Test worker] c.k.springboot.web.HelloControllerTest   : Starting HelloControllerTest on Seong-gyuui-MacBookPro.local with PID 65163 (started by seong-gyulee in /Users/seong-gyulee/IdeaProjects/webService)
2020-03-24 17:13:27.126  INFO 65163 --- [    Test worker] c.k.springboot.web.HelloControllerTest   : No active profile set, falling back to default profiles: default
2020-03-24 17:13:30.270  INFO 65163 --- [    Test worker] o.s.s.concurrent.ThreadPoolTaskExecutor  : Initializing ExecutorService 'applicationTaskExecutor'
2020-03-24 17:13:30.487  INFO 65163 --- [    Test worker] o.s.b.a.w.s.WelcomePageHandlerMapping    : Adding welcome page template: index
2020-03-24 17:13:31.081  INFO 65163 --- [    Test worker] .s.s.UserDetailsServiceAutoConfiguration : 

Using generated security password: 8d84bf74-ac3e-42b7-9f35-1687ab68241b

2020-03-24 17:13:31.449  INFO 65163 --- [    Test worker] o.s.s.web.DefaultSecurityFilterChain     : Creating filter chain: any request, [org.springframework.security.web.context.request.async.WebAsyncManagerIntegrationFilter@1a6f4f8e, org.springframework.security.web.context.SecurityContextPersistenceFilter@4b2aac31, org.springframework.security.web.header.HeaderWriterFilter@3d5922fa, org.springframework.security.web.csrf.CsrfFilter@7066115b, org.springframework.security.web.authentication.logout.LogoutFilter@7111c20a, org.springframework.security.web.authentication.UsernamePasswordAuthenticationFilter@6f0259f5, org.springframework.security.web.authentication.ui.DefaultLoginPageGeneratingFilter@7b3aa33c, org.springframework.security.web.authentication.ui.DefaultLogoutPageGeneratingFilter@284e4741, org.springframework.security.web.authentication.www.BasicAuthenticationFilter@c2ae897, org.springframework.security.web.savedrequest.RequestCacheAwareFilter@166aae78, org.springframework.security.web.servletapi.SecurityContextHolderAwareRequestFilter@3a284a23, org.springframework.security.web.authentication.AnonymousAuthenticationFilter@68d241c0, org.springframework.security.web.session.SessionManagementFilter@3dcf8b4f, org.springframework.security.web.access.ExceptionTranslationFilter@7d7ec398, org.springframework.security.web.access.intercept.FilterSecurityInterceptor@1d46b00]
2020-03-24 17:13:31.535  INFO 65163 --- [    Test worker] o.s.b.t.m.w.SpringBootMockServletContext : Initializing Spring TestDispatcherServlet ''
2020-03-24 17:13:31.536  INFO 65163 --- [    Test worker] o.s.t.web.servlet.TestDispatcherServlet  : Initializing Servlet ''
2020-03-24 17:13:31.569  INFO 65163 --- [    Test worker] o.s.t.web.servlet.TestDispatcherServlet  : Completed initialization in 33 ms
2020-03-24 17:13:31.672  INFO 65163 --- [    Test worker] c.k.springboot.web.HelloControllerTest   : Started HelloControllerTest in 5.713 seconds (JVM running for 9.131)
]]></system-out>
  <system-err><![CDATA[]]></system-err>
</testsuite>
