<?xml version="1.0" encoding="UTF-8"?>
<testsuite name="com.khalin.springboot.domain.posts.PostsRepositoryTest" tests="2" skipped="0" failures="0" errors="0" timestamp="2020-03-24T08:13:48" hostname="Seong-gyuui-MacBookPro.local" time="0.121">
  <properties/>
  <testcase name="registerBaseTime" classname="com.khalin.springboot.domain.posts.PostsRepositoryTest" time="0.068"/>
  <testcase name="postSave" classname="com.khalin.springboot.domain.posts.PostsRepositoryTest" time="0.052"/>
  <system-out><![CDATA[2020-03-24 17:13:44.386  INFO 65163 --- [    Test worker] .b.t.c.SpringBootTestContextBootstrapper : Neither @ContextConfiguration nor @ContextHierarchy found for test class [com.khalin.springboot.domain.posts.PostsRepositoryTest], using SpringBootContextLoader
2020-03-24 17:13:44.388  INFO 65163 --- [    Test worker] o.s.t.c.support.AbstractContextLoader    : Could not detect default resource locations for test class [com.khalin.springboot.domain.posts.PostsRepositoryTest]: no resource found for suffixes {-context.xml, Context.groovy}.
2020-03-24 17:13:44.390  INFO 65163 --- [    Test worker] t.c.s.AnnotationConfigContextLoaderUtils : Could not detect default configuration classes for test class [com.khalin.springboot.domain.posts.PostsRepositoryTest]: PostsRepositoryTest does not declare any static, non-private, non-final, nested classes annotated with @Configuration.
2020-03-24 17:13:44.454  INFO 65163 --- [    Test worker] .b.t.c.SpringBootTestContextBootstrapper : Found @SpringBootConfiguration com.khalin.springboot.Application for test class com.khalin.springboot.domain.posts.PostsRepositoryTest
2020-03-24 17:13:44.481  INFO 65163 --- [    Test worker] .b.t.c.SpringBootTestContextBootstrapper : Loaded default TestExecutionListener class names from location [META-INF/spring.factories]: [org.springframework.security.test.context.support.WithSecurityContextTestExecutionListener, org.springframework.security.test.context.support.ReactorContextTestExecutionListener, org.springframework.boot.test.autoconfigure.restdocs.RestDocsTestExecutionListener, org.springframework.boot.test.autoconfigure.web.client.MockRestServiceServerResetTestExecutionListener, org.springframework.boot.test.autoconfigure.web.servlet.MockMvcPrintOnlyOnFailureTestExecutionListener, org.springframework.boot.test.autoconfigure.web.servlet.WebDriverTestExecutionListener, org.springframework.boot.test.mock.mockito.MockitoTestExecutionListener, org.springframework.boot.test.mock.mockito.ResetMocksTestExecutionListener, org.springframework.test.context.web.ServletTestExecutionListener, org.springframework.test.context.support.DirtiesContextBeforeModesTestExecutionListener, org.springframework.test.context.support.DependencyInjectionTestExecutionListener, org.springframework.test.context.support.DirtiesContextTestExecutionListener, org.springframework.test.context.transaction.TransactionalTestExecutionListener, org.springframework.test.context.jdbc.SqlScriptsTestExecutionListener]
2020-03-24 17:13:44.503  INFO 65163 --- [    Test worker] .b.t.c.SpringBootTestContextBootstrapper : Using TestExecutionListeners: [org.springframework.test.context.web.ServletTestExecutionListener@126da34b, org.springframework.test.context.support.DirtiesContextBeforeModesTestExecutionListener@46725392, org.springframework.boot.test.mock.mockito.MockitoTestExecutionListener@2a5bc423, org.springframework.boot.test.autoconfigure.SpringBootDependencyInjectionTestExecutionListener@4292f96a, org.springframework.test.context.support.DirtiesContextTestExecutionListener@3d1a7d88, org.springframework.test.context.transaction.TransactionalTestExecutionListener@6920477a, org.springframework.test.context.jdbc.SqlScriptsTestExecutionListener@1d2eeca1, org.springframework.security.test.context.support.WithSecurityContextTestExecutionListener@48a21fc7, org.springframework.security.test.context.support.ReactorContextTestExecutionListener@263acd66, org.springframework.boot.test.autoconfigure.restdocs.RestDocsTestExecutionListener@4d4a554c, org.springframework.boot.test.autoconfigure.web.client.MockRestServiceServerResetTestExecutionListener@276be3a0, org.springframework.boot.test.autoconfigure.web.servlet.MockMvcPrintOnlyOnFailureTestExecutionListener@7fef8cad, org.springframework.boot.test.autoconfigure.web.servlet.WebDriverTestExecutionListener@fce2fcb, org.springframework.boot.test.mock.mockito.ResetMocksTestExecutionListener@10b1fb4b]

  .   ____          _            __ _ _
 /\\ / ___'_ __ _ _(_)_ __  __ _ \ \ \ \
( ( )\___ | '_ | '_| | '_ \/ _` | \ \ \ \
 \\/  ___)| |_)| | | | | || (_| |  ) ) ) )
  '  |____| .__|_| |_|_| |_\__, | / / / /
 =========|_|==============|___/=/_/_/_/
 :: Spring Boot ::        (v2.1.7.RELEASE)

2020-03-24 17:13:44.623  INFO 65163 --- [    Test worker] c.k.s.domain.posts.PostsRepositoryTest   : Starting PostsRepositoryTest on Seong-gyuui-MacBookPro.local with PID 65163 (started by seong-gyulee in /Users/seong-gyulee/IdeaProjects/webService)
2020-03-24 17:13:44.624  INFO 65163 --- [    Test worker] c.k.s.domain.posts.PostsRepositoryTest   : No active profile set, falling back to default profiles: default
2020-03-24 17:13:45.105  INFO 65163 --- [    Test worker] .s.d.r.c.RepositoryConfigurationDelegate : Bootstrapping Spring Data repositories in DEFAULT mode.
2020-03-24 17:13:45.149  INFO 65163 --- [    Test worker] .s.d.r.c.RepositoryConfigurationDelegate : Finished Spring Data repository scanning in 44ms. Found 2 repository interfaces.
2020-03-24 17:13:45.340  INFO 65163 --- [    Test worker] trationDelegate$BeanPostProcessorChecker : Bean 'org.springframework.transaction.annotation.ProxyTransactionManagementConfiguration' of type [org.springframework.transaction.annotation.ProxyTransactionManagementConfiguration$$EnhancerBySpringCGLIB$$15042293] is not eligible for getting processed by all BeanPostProcessors (for example: not eligible for auto-proxying)
2020-03-24 17:13:45.489  INFO 65163 --- [    Test worker] com.zaxxer.hikari.HikariDataSource       : HikariPool-2 - Starting...
2020-03-24 17:13:45.496  INFO 65163 --- [    Test worker] com.zaxxer.hikari.HikariDataSource       : HikariPool-2 - Start completed.
2020-03-24 17:13:45.678  INFO 65163 --- [    Test worker] o.hibernate.jpa.internal.util.LogHelper  : HHH000204: Processing PersistenceUnitInfo [
	name: default
	...]
2020-03-24 17:13:45.694  INFO 65163 --- [    Test worker] org.hibernate.dialect.Dialect            : HHH000400: Using dialect: org.hibernate.dialect.MySQL5InnoDBDialect
Hibernate: drop table if exists hibernate_sequence
Hibernate: drop table if exists posts
Hibernate: drop table if exists user
Hibernate: create table hibernate_sequence (next_val bigint) engine=InnoDB
Hibernate: insert into hibernate_sequence values ( 1 )
Hibernate: create table posts (id bigint not null auto_increment, created_date datetime, modified_date datetime, author varchar(255), content TEXT not null, title varchar(500) not null, primary key (id)) engine=InnoDB
Hibernate: create table user (id bigint not null, created_date datetime, modified_date datetime, email varchar(255) not null, name varchar(255) not null, picture varchar(255), role varchar(255) not null, primary key (id)) engine=InnoDB
2020-03-24 17:13:45.893  INFO 65163 --- [    Test worker] o.h.t.schema.internal.SchemaCreatorImpl  : HHH000476: Executing import script 'org.hibernate.tool.schema.internal.exec.ScriptSourceInputNonExistentImpl@7b98bcdf'
2020-03-24 17:13:45.896  INFO 65163 --- [    Test worker] j.LocalContainerEntityManagerFactoryBean : Initialized JPA EntityManagerFactory for persistence unit 'default'
2020-03-24 17:13:46.438  INFO 65163 --- [    Test worker] o.h.h.i.QueryTranslatorFactoryInitiator  : HHH000397: Using ASTQueryTranslatorFactory
2020-03-24 17:13:46.841  INFO 65163 --- [    Test worker] o.s.s.web.DefaultSecurityFilterChain     : Creating filter chain: any request, [org.springframework.security.web.context.request.async.WebAsyncManagerIntegrationFilter@7370f3cf, org.springframework.security.web.context.SecurityContextPersistenceFilter@76b5ed6f, org.springframework.security.web.header.HeaderWriterFilter@166d9b73, org.springframework.security.web.authentication.logout.LogoutFilter@d7483de, org.springframework.security.oauth2.client.web.OAuth2AuthorizationRequestRedirectFilter@5e9414f5, org.springframework.security.oauth2.client.web.OAuth2LoginAuthenticationFilter@e0dd22c, org.springframework.security.web.authentication.ui.DefaultLoginPageGeneratingFilter@5473c2aa, org.springframework.security.web.authentication.ui.DefaultLogoutPageGeneratingFilter@6c965d29, org.springframework.security.web.savedrequest.RequestCacheAwareFilter@75baf2a, org.springframework.security.web.servletapi.SecurityContextHolderAwareRequestFilter@7d171ab1, org.springframework.security.web.authentication.AnonymousAuthenticationFilter@125bcff2, org.springframework.security.web.session.SessionManagementFilter@6d5892b3, org.springframework.security.web.access.ExceptionTranslationFilter@5f05d340, org.springframework.security.web.access.intercept.FilterSecurityInterceptor@25f741c1]
2020-03-24 17:13:47.367  INFO 65163 --- [    Test worker] o.s.s.concurrent.ThreadPoolTaskExecutor  : Initializing ExecutorService 'applicationTaskExecutor'
2020-03-24 17:13:47.420  WARN 65163 --- [    Test worker] aWebConfiguration$JpaWebMvcConfiguration : spring.jpa.open-in-view is enabled by default. Therefore, database queries may be performed during view rendering. Explicitly configure spring.jpa.open-in-view to disable this warning
2020-03-24 17:13:47.495  INFO 65163 --- [    Test worker] o.s.b.a.w.s.WelcomePageHandlerMapping    : Adding welcome page template: index
2020-03-24 17:13:48.470  INFO 65163 --- [    Test worker] s.a.ScheduledAnnotationBeanPostProcessor : No TaskScheduler/ScheduledExecutorService bean found for scheduled processing
2020-03-24 17:13:48.475  INFO 65163 --- [    Test worker] c.k.s.domain.posts.PostsRepositoryTest   : Started PostsRepositoryTest in 3.947 seconds (JVM running for 25.936)
Hibernate: insert into posts (created_date, modified_date, author, content, title) values (?, ?, ?, ?, ?)
Hibernate: select posts0_.id as id1_0_, posts0_.created_date as created_2_0_, posts0_.modified_date as modified3_0_, posts0_.author as author4_0_, posts0_.content as content5_0_, posts0_.title as title6_0_ from posts posts0_
>>>>>>>> createDate : 2020-03-24T17:13:48.507538modifiedDate : 2020-03-24T17:13:48.507538
Hibernate: select posts0_.id as id1_0_, posts0_.created_date as created_2_0_, posts0_.modified_date as modified3_0_, posts0_.author as author4_0_, posts0_.content as content5_0_, posts0_.title as title6_0_ from posts posts0_
Hibernate: delete from posts where id=?
Hibernate: insert into posts (created_date, modified_date, author, content, title) values (?, ?, ?, ?, ?)
Hibernate: select posts0_.id as id1_0_, posts0_.created_date as created_2_0_, posts0_.modified_date as modified3_0_, posts0_.author as author4_0_, posts0_.content as content5_0_, posts0_.title as title6_0_ from posts posts0_
Hibernate: select posts0_.id as id1_0_, posts0_.created_date as created_2_0_, posts0_.modified_date as modified3_0_, posts0_.author as author4_0_, posts0_.content as content5_0_, posts0_.title as title6_0_ from posts posts0_
Hibernate: delete from posts where id=?
]]></system-out>
  <system-err><![CDATA[]]></system-err>
</testsuite>
